[2017-03-08 00:24:01] local.ERROR: exception 'ErrorException' with message 'Undefined variable: presgunta' in C:\xampp\htdocs\GestorImagenes\app\Http\Controllers\Validacion\ValidacionController.php:182
Stack trace:
#0 C:\xampp\htdocs\GestorImagenes\app\Http\Controllers\Validacion\ValidacionController.php(182): Illuminate\Foundation\Bootstrap\HandleExceptions->handleError(8, 'Undefined varia...', 'C:\\xampp\\htdocs...', 182, Array)
#1 [internal function]: GestorImagenes\Http\Controllers\Validacion\ValidacionController->postRecuperar(Object(GestorImagenes\Http\Requests\RecuperarContrasenaRequest))
#2 C:\xampp\htdocs\GestorImagenes\vendor\laravel\framework\src\Illuminate\Routing\Controller.php(246): call_user_func_array(Array, Array)
#3 C:\xampp\htdocs\GestorImagenes\vendor\laravel\framework\src\Illuminate\Routing\ControllerDispatcher.php(162): Illuminate\Routing\Controller->callAction('postRecuperar', Array)
#4 C:\xampp\htdocs\GestorImagenes\vendor\laravel\framework\src\Illuminate\Routing\ControllerDispatcher.php(107): Illuminate\Routing\ControllerDispatcher->call(Object(GestorImagenes\Http\Controllers\Validacion\ValidacionController), Object(Illuminate\Routing\Route), 'postRecuperar')
#5 [internal function]: Illuminate\Routing\ControllerDispatcher->Illuminate\Routing\{closure}(Object(Illuminate\Http\Request))
#6 C:\xampp\htdocs\GestorImagenes\vendor\laravel\framework\src\Illuminate\Pipeline\Pipeline.php(141): call_user_func(Object(Closure), Object(Illuminate\Http\Request))
#7 C:\xampp\htdocs\GestorImagenes\app\Http\Middleware\RedirectIfAuthenticated.php(41): Illuminate\Pipeline\Pipeline->Illuminate\Pipeline\{closure}(Object(Illuminate\Http\Request))
#8 C:\xampp\htdocs\GestorImagenes\vendor\laravel\framework\src\Illuminate\Pipeline\Pipeline.php(125): GestorImagenes\Http\Middleware\RedirectIfAuthenticated->handle(Object(Illuminate\Http\Request), Object(Closure))
#9 [internal function]: Illuminate\Pipeline\Pipeline->Illuminate\Pipeline\{closure}(Object(Illuminate\Http\Request))
#10 C:\xampp\htdocs\GestorImagenes\vendor\laravel\framework\src\Illuminate\Pipeline\Pipeline.php(101): call_user_func(Object(Closure), Object(Illuminate\Http\Request))
#11 C:\xampp\htdocs\GestorImagenes\vendor\laravel\framework\src\Illuminate\Routing\ControllerDispatcher.php(108): Illuminate\Pipeline\Pipeline->then(Object(Closure))
#12 C:\xampp\htdocs\GestorImagenes\vendor\laravel\framework\src\Illuminate\Routing\ControllerDispatcher.php(67): Illuminate\Routing\ControllerDispatcher->callWithinStack(Object(GestorImagenes\Http\Controllers\Validacion\ValidacionController), Object(Illuminate\Routing\Route), Object(Illuminate\Http\Request), 'postRecuperar')
#13 C:\xampp\htdocs\GestorImagenes\vendor\laravel\framework\src\Illuminate\Routing\Route.php(204): Illuminate\Routing\ControllerDispatcher->dispatch(Object(Illuminate\Routing\Route), Object(Illuminate\Http\Request), 'GestorImagenes\\...', 'postRecuperar')
#14 C:\xampp\htdocs\GestorImagenes\vendor\laravel\framework\src\Illuminate\Routing\Route.php(134): Illuminate\Routing\Route->runWithCustomDispatcher(Object(Illuminate\Http\Request))
#15 C:\xampp\htdocs\GestorImagenes\vendor\laravel\framework\src\Illuminate\Routing\Router.php(701): Illuminate\Routing\Route->run(Object(Illuminate\Http\Request))
#16 [internal function]: Illuminate\Routing\Router->Illuminate\Routing\{closure}(Object(Illuminate\Http\Request))
#17 C:\xampp\htdocs\GestorImagenes\vendor\laravel\framework\src\Illuminate\Pipeline\Pipeline.php(141): call_user_func(Object(Closure), Object(Illuminate\Http\Request))
#18 [internal function]: Illuminate\Pipeline\Pipeline->Illuminate\Pipeline\{closure}(Object(Illuminate\Http\Request))
#19 C:\xampp\htdocs\GestorImagenes\vendor\laravel\framework\src\Illuminate\Pipeline\Pipeline.php(101): call_user_func(Object(Closure), Object(Illuminate\Http\Request))
#20 C:\xampp\htdocs\GestorImagenes\vendor\laravel\framework\src\Illuminate\Routing\Router.php(703): Illuminate\Pipeline\Pipeline->then(Object(Closure))
#21 C:\xampp\htdocs\GestorImagenes\vendor\laravel\framework\src\Illuminate\Routing\Router.php(670): Illuminate\Routing\Router->runRouteWithinStack(Object(Illuminate\Routing\Route), Object(Illuminate\Http\Request))
#22 C:\xampp\htdocs\GestorImagenes\vendor\laravel\framework\src\Illuminate\Routing\Router.php(628): Illuminate\Routing\Router->dispatchToRoute(Object(Illuminate\Http\Request))
#23 C:\xampp\htdocs\GestorImagenes\vendor\laravel\framework\src\Illuminate\Foundation\Http\Kernel.php(214): Illuminate\Routing\Router->dispatch(Object(Illuminate\Http\Request))
#24 [internal function]: Illuminate\Foundation\Http\Kernel->Illuminate\Foundation\Http\{closure}(Object(Illuminate\Http\Request))
#25 C:\xampp\htdocs\GestorImagenes\vendor\laravel\framework\src\Illuminate\Pipeline\Pipeline.php(141): call_user_func(Object(Closure), Object(Illuminate\Http\Request))
#26 C:\xampp\htdocs\GestorImagenes\vendor\laravel\framework\src\Illuminate\Foundation\Http\Middleware\VerifyCsrfToken.php(43): Illuminate\Pipeline\Pipeline->Illuminate\Pipeline\{closure}(Object(Illuminate\Http\Request))
#27 C:\xampp\htdocs\GestorImagenes\app\Http\Middleware\VerifyCsrfToken.php(17): Illuminate\Foundation\Http\Middleware\VerifyCsrfToken->handle(Object(Illuminate\Http\Request), Object(Closure))
#28 C:\xampp\htdocs\GestorImagenes\vendor\laravel\framework\src\Illuminate\Pipeline\Pipeline.php(125): GestorImagenes\Http\Middleware\VerifyCsrfToken->handle(Object(Illuminate\Http\Request), Object(Closure))
#29 C:\xampp\htdocs\GestorImagenes\vendor\laravel\framework\src\Illuminate\View\Middleware\ShareErrorsFromSession.php(55): Illuminate\Pipeline\Pipeline->Illuminate\Pipeline\{closure}(Object(Illuminate\Http\Request))
#30 C:\xampp\htdocs\GestorImagenes\vendor\laravel\framework\src\Illuminate\Pipeline\Pipeline.php(125): Illuminate\View\Middleware\ShareErrorsFromSession->handle(Object(Illuminate\Http\Request), Object(Closure))
#31 C:\xampp\htdocs\GestorImagenes\vendor\laravel\framework\src\Illuminate\Session\Middleware\StartSession.php(61): Illuminate\Pipeline\Pipeline->Illuminate\Pipeline\{closure}(Object(Illuminate\Http\Request))
#32 C:\xampp\htdocs\GestorImagenes\vendor\laravel\framework\src\Illuminate\Pipeline\Pipeline.php(125): Illuminate\Session\Middleware\StartSession->handle(Object(Illuminate\Http\Request), Object(Closure))
#33 C:\xampp\htdocs\GestorImagenes\vendor\laravel\framework\src\Illuminate\Cookie\Middleware\AddQueuedCookiesToResponse.php(36): Illuminate\Pipeline\Pipeline->Illuminate\Pipeline\{closure}(Object(Illuminate\Http\Request))
#34 C:\xampp\htdocs\GestorImagenes\vendor\laravel\framework\src\Illuminate\Pipeline\Pipeline.php(125): Illuminate\Cookie\Middleware\AddQueuedCookiesToResponse->handle(Object(Illuminate\Http\Request), Object(Closure))
#35 C:\xampp\htdocs\GestorImagenes\vendor\laravel\framework\src\Illuminate\Cookie\Middleware\EncryptCookies.php(40): Illuminate\Pipeline\Pipeline->Illuminate\Pipeline\{closure}(Object(Illuminate\Http\Request))
#36 C:\xampp\htdocs\GestorImagenes\vendor\laravel\framework\src\Illuminate\Pipeline\Pipeline.php(125): Illuminate\Cookie\Middleware\EncryptCookies->handle(Object(Illuminate\Http\Request), Object(Closure))
#37 C:\xampp\htdocs\GestorImagenes\vendor\laravel\framework\src\Illuminate\Foundation\Http\Middleware\CheckForMaintenanceMode.php(42): Illuminate\Pipeline\Pipeline->Illuminate\Pipeline\{closure}(Object(Illuminate\Http\Request))
#38 C:\xampp\htdocs\GestorImagenes\vendor\laravel\framework\src\Illuminate\Pipeline\Pipeline.php(125): Illuminate\Foundation\Http\Middleware\CheckForMaintenanceMode->handle(Object(Illuminate\Http\Request), Object(Closure))
#39 [internal function]: Illuminate\Pipeline\Pipeline->Illuminate\Pipeline\{closure}(Object(Illuminate\Http\Request))
#40 C:\xampp\htdocs\GestorImagenes\vendor\laravel\framework\src\Illuminate\Pipeline\Pipeline.php(101): call_user_func(Object(Closure), Object(Illuminate\Http\Request))
#41 C:\xampp\htdocs\GestorImagenes\vendor\laravel\framework\src\Illuminate\Foundation\Http\Kernel.php(115): Illuminate\Pipeline\Pipeline->then(Object(Closure))
#42 C:\xampp\htdocs\GestorImagenes\vendor\laravel\framework\src\Illuminate\Foundation\Http\Kernel.php(84): Illuminate\Foundation\Http\Kernel->sendRequestThroughRouter(Object(Illuminate\Http\Request))
#43 C:\xampp\htdocs\GestorImagenes\public\index.php(53): Illuminate\Foundation\Http\Kernel->handle(Object(Illuminate\Http\Request))
#44 {main}  
[2017-03-08 00:29:47] local.ERROR: exception 'Symfony\Component\Debug\Exception\FatalErrorException' with message 'Call to undefined function GestorImagenes\Http\Controllers\Validacion\rediret()' in C:\xampp\htdocs\GestorImagenes\app\Http\Controllers\Validacion\ValidacionController.php:194
Stack trace:
#0 {main}  
[2017-03-08 16:45:26] local.ERROR: exception 'ReflectionException' with message 'Class GestorImagenes\Http\request\EditarPerfilRequest does not exist' in C:\xampp\htdocs\GestorImagenes\vendor\laravel\framework\src\Illuminate\Routing\RouteDependencyResolverTrait.php:53
Stack trace:
#0 C:\xampp\htdocs\GestorImagenes\vendor\laravel\framework\src\Illuminate\Routing\RouteDependencyResolverTrait.php(53): ReflectionParameter->getClass()
#1 C:\xampp\htdocs\GestorImagenes\vendor\laravel\framework\src\Illuminate\Routing\RouteDependencyResolverTrait.php(36): Illuminate\Routing\ControllerDispatcher->resolveMethodDependencies(Array, Object(ReflectionMethod))
#2 C:\xampp\htdocs\GestorImagenes\vendor\laravel\framework\src\Illuminate\Routing\ControllerDispatcher.php(160): Illuminate\Routing\ControllerDispatcher->resolveClassMethodDependencies(Array, Object(GestorImagenes\Http\Controllers\UsuarioController), 'postEditarPerfi...')
#3 C:\xampp\htdocs\GestorImagenes\vendor\laravel\framework\src\Illuminate\Routing\ControllerDispatcher.php(107): Illuminate\Routing\ControllerDispatcher->call(Object(GestorImagenes\Http\Controllers\UsuarioController), Object(Illuminate\Routing\Route), 'postEditarPerfi...')
#4 [internal function]: Illuminate\Routing\ControllerDispatcher->Illuminate\Routing\{closure}(Object(Illuminate\Http\Request))
#5 C:\xampp\htdocs\GestorImagenes\vendor\laravel\framework\src\Illuminate\Pipeline\Pipeline.php(141): call_user_func(Object(Closure), Object(Illuminate\Http\Request))
#6 C:\xampp\htdocs\GestorImagenes\app\Http\Middleware\Authenticate.php(47): Illuminate\Pipeline\Pipeline->Illuminate\Pipeline\{closure}(Object(Illuminate\Http\Request))
#7 C:\xampp\htdocs\GestorImagenes\vendor\laravel\framework\src\Illuminate\Pipeline\Pipeline.php(125): GestorImagenes\Http\Middleware\Authenticate->handle(Object(Illuminate\Http\Request), Object(Closure))
#8 [internal function]: Illuminate\Pipeline\Pipeline->Illuminate\Pipeline\{closure}(Object(Illuminate\Http\Request))
#9 C:\xampp\htdocs\GestorImagenes\vendor\laravel\framework\src\Illuminate\Pipeline\Pipeline.php(101): call_user_func(Object(Closure), Object(Illuminate\Http\Request))
#10 C:\xampp\htdocs\GestorImagenes\vendor\laravel\framework\src\Illuminate\Routing\ControllerDispatcher.php(108): Illuminate\Pipeline\Pipeline->then(Object(Closure))
#11 C:\xampp\htdocs\GestorImagenes\vendor\laravel\framework\src\Illuminate\Routing\ControllerDispatcher.php(67): Illuminate\Routing\ControllerDispatcher->callWithinStack(Object(GestorImagenes\Http\Controllers\UsuarioController), Object(Illuminate\Routing\Route), Object(Illuminate\Http\Request), 'postEditarPerfi...')
#12 C:\xampp\htdocs\GestorImagenes\vendor\laravel\framework\src\Illuminate\Routing\Route.php(204): Illuminate\Routing\ControllerDispatcher->dispatch(Object(Illuminate\Routing\Route), Object(Illuminate\Http\Request), 'GestorImagenes\\...', 'postEditarPerfi...')
#13 C:\xampp\htdocs\GestorImagenes\vendor\laravel\framework\src\Illuminate\Routing\Route.php(134): Illuminate\Routing\Route->runWithCustomDispatcher(Object(Illuminate\Http\Request))
#14 C:\xampp\htdocs\GestorImagenes\vendor\laravel\framework\src\Illuminate\Routing\Router.php(701): Illuminate\Routing\Route->run(Object(Illuminate\Http\Request))
#15 [internal function]: Illuminate\Routing\Router->Illuminate\Routing\{closure}(Object(Illuminate\Http\Request))
#16 C:\xampp\htdocs\GestorImagenes\vendor\laravel\framework\src\Illuminate\Pipeline\Pipeline.php(141): call_user_func(Object(Closure), Object(Illuminate\Http\Request))
#17 [internal function]: Illuminate\Pipeline\Pipeline->Illuminate\Pipeline\{closure}(Object(Illuminate\Http\Request))
#18 C:\xampp\htdocs\GestorImagenes\vendor\laravel\framework\src\Illuminate\Pipeline\Pipeline.php(101): call_user_func(Object(Closure), Object(Illuminate\Http\Request))
#19 C:\xampp\htdocs\GestorImagenes\vendor\laravel\framework\src\Illuminate\Routing\Router.php(703): Illuminate\Pipeline\Pipeline->then(Object(Closure))
#20 C:\xampp\htdocs\GestorImagenes\vendor\laravel\framework\src\Illuminate\Routing\Router.php(670): Illuminate\Routing\Router->runRouteWithinStack(Object(Illuminate\Routing\Route), Object(Illuminate\Http\Request))
#21 C:\xampp\htdocs\GestorImagenes\vendor\laravel\framework\src\Illuminate\Routing\Router.php(628): Illuminate\Routing\Router->dispatchToRoute(Object(Illuminate\Http\Request))
#22 C:\xampp\htdocs\GestorImagenes\vendor\laravel\framework\src\Illuminate\Foundation\Http\Kernel.php(214): Illuminate\Routing\Router->dispatch(Object(Illuminate\Http\Request))
#23 [internal function]: Illuminate\Foundation\Http\Kernel->Illuminate\Foundation\Http\{closure}(Object(Illuminate\Http\Request))
#24 C:\xampp\htdocs\GestorImagenes\vendor\laravel\framework\src\Illuminate\Pipeline\Pipeline.php(141): call_user_func(Object(Closure), Object(Illuminate\Http\Request))
#25 C:\xampp\htdocs\GestorImagenes\vendor\laravel\framework\src\Illuminate\Foundation\Http\Middleware\VerifyCsrfToken.php(43): Illuminate\Pipeline\Pipeline->Illuminate\Pipeline\{closure}(Object(Illuminate\Http\Request))
#26 C:\xampp\htdocs\GestorImagenes\app\Http\Middleware\VerifyCsrfToken.php(17): Illuminate\Foundation\Http\Middleware\VerifyCsrfToken->handle(Object(Illuminate\Http\Request), Object(Closure))
#27 C:\xampp\htdocs\GestorImagenes\vendor\laravel\framework\src\Illuminate\Pipeline\Pipeline.php(125): GestorImagenes\Http\Middleware\VerifyCsrfToken->handle(Object(Illuminate\Http\Request), Object(Closure))
#28 C:\xampp\htdocs\GestorImagenes\vendor\laravel\framework\src\Illuminate\View\Middleware\ShareErrorsFromSession.php(55): Illuminate\Pipeline\Pipeline->Illuminate\Pipeline\{closure}(Object(Illuminate\Http\Request))
#29 C:\xampp\htdocs\GestorImagenes\vendor\laravel\framework\src\Illuminate\Pipeline\Pipeline.php(125): Illuminate\View\Middleware\ShareErrorsFromSession->handle(Object(Illuminate\Http\Request), Object(Closure))
#30 C:\xampp\htdocs\GestorImagenes\vendor\laravel\framework\src\Illuminate\Session\Middleware\StartSession.php(61): Illuminate\Pipeline\Pipeline->Illuminate\Pipeline\{closure}(Object(Illuminate\Http\Request))
#31 C:\xampp\htdocs\GestorImagenes\vendor\laravel\framework\src\Illuminate\Pipeline\Pipeline.php(125): Illuminate\Session\Middleware\StartSession->handle(Object(Illuminate\Http\Request), Object(Closure))
#32 C:\xampp\htdocs\GestorImagenes\vendor\laravel\framework\src\Illuminate\Cookie\Middleware\AddQueuedCookiesToResponse.php(36): Illuminate\Pipeline\Pipeline->Illuminate\Pipeline\{closure}(Object(Illuminate\Http\Request))
#33 C:\xampp\htdocs\GestorImagenes\vendor\laravel\framework\src\Illuminate\Pipeline\Pipeline.php(125): Illuminate\Cookie\Middleware\AddQueuedCookiesToResponse->handle(Object(Illuminate\Http\Request), Object(Closure))
#34 C:\xampp\htdocs\GestorImagenes\vendor\laravel\framework\src\Illuminate\Cookie\Middleware\EncryptCookies.php(40): Illuminate\Pipeline\Pipeline->Illuminate\Pipeline\{closure}(Object(Illuminate\Http\Request))
#35 C:\xampp\htdocs\GestorImagenes\vendor\laravel\framework\src\Illuminate\Pipeline\Pipeline.php(125): Illuminate\Cookie\Middleware\EncryptCookies->handle(Object(Illuminate\Http\Request), Object(Closure))
#36 C:\xampp\htdocs\GestorImagenes\vendor\laravel\framework\src\Illuminate\Foundation\Http\Middleware\CheckForMaintenanceMode.php(42): Illuminate\Pipeline\Pipeline->Illuminate\Pipeline\{closure}(Object(Illuminate\Http\Request))
#37 C:\xampp\htdocs\GestorImagenes\vendor\laravel\framework\src\Illuminate\Pipeline\Pipeline.php(125): Illuminate\Foundation\Http\Middleware\CheckForMaintenanceMode->handle(Object(Illuminate\Http\Request), Object(Closure))
#38 [internal function]: Illuminate\Pipeline\Pipeline->Illuminate\Pipeline\{closure}(Object(Illuminate\Http\Request))
#39 C:\xampp\htdocs\GestorImagenes\vendor\laravel\framework\src\Illuminate\Pipeline\Pipeline.php(101): call_user_func(Object(Closure), Object(Illuminate\Http\Request))
#40 C:\xampp\htdocs\GestorImagenes\vendor\laravel\framework\src\Illuminate\Foundation\Http\Kernel.php(115): Illuminate\Pipeline\Pipeline->then(Object(Closure))
#41 C:\xampp\htdocs\GestorImagenes\vendor\laravel\framework\src\Illuminate\Foundation\Http\Kernel.php(84): Illuminate\Foundation\Http\Kernel->sendRequestThroughRouter(Object(Illuminate\Http\Request))
#42 C:\xampp\htdocs\GestorImagenes\public\index.php(53): Illuminate\Foundation\Http\Kernel->handle(Object(Illuminate\Http\Request))
#43 {main}  
[2017-03-08 16:49:41] local.ERROR: exception 'ReflectionException' with message 'Class GestorImagenes\Http\Request\EditarPerfilRequest does not exist' in C:\xampp\htdocs\GestorImagenes\vendor\laravel\framework\src\Illuminate\Routing\RouteDependencyResolverTrait.php:53
Stack trace:
#0 C:\xampp\htdocs\GestorImagenes\vendor\laravel\framework\src\Illuminate\Routing\RouteDependencyResolverTrait.php(53): ReflectionParameter->getClass()
#1 C:\xampp\htdocs\GestorImagenes\vendor\laravel\framework\src\Illuminate\Routing\RouteDependencyResolverTrait.php(36): Illuminate\Routing\ControllerDispatcher->resolveMethodDependencies(Array, Object(ReflectionMethod))
#2 C:\xampp\htdocs\GestorImagenes\vendor\laravel\framework\src\Illuminate\Routing\ControllerDispatcher.php(160): Illuminate\Routing\ControllerDispatcher->resolveClassMethodDependencies(Array, Object(GestorImagenes\Http\Controllers\UsuarioController), 'postEditarPerfi...')
#3 C:\xampp\htdocs\GestorImagenes\vendor\laravel\framework\src\Illuminate\Routing\ControllerDispatcher.php(107): Illuminate\Routing\ControllerDispatcher->call(Object(GestorImagenes\Http\Controllers\UsuarioController), Object(Illuminate\Routing\Route), 'postEditarPerfi...')
#4 [internal function]: Illuminate\Routing\ControllerDispatcher->Illuminate\Routing\{closure}(Object(Illuminate\Http\Request))
#5 C:\xampp\htdocs\GestorImagenes\vendor\laravel\framework\src\Illuminate\Pipeline\Pipeline.php(141): call_user_func(Object(Closure), Object(Illuminate\Http\Request))
#6 C:\xampp\htdocs\GestorImagenes\app\Http\Middleware\Authenticate.php(47): Illuminate\Pipeline\Pipeline->Illuminate\Pipeline\{closure}(Object(Illuminate\Http\Request))
#7 C:\xampp\htdocs\GestorImagenes\vendor\laravel\framework\src\Illuminate\Pipeline\Pipeline.php(125): GestorImagenes\Http\Middleware\Authenticate->handle(Object(Illuminate\Http\Request), Object(Closure))
#8 [internal function]: Illuminate\Pipeline\Pipeline->Illuminate\Pipeline\{closure}(Object(Illuminate\Http\Request))
#9 C:\xampp\htdocs\GestorImagenes\vendor\laravel\framework\src\Illuminate\Pipeline\Pipeline.php(101): call_user_func(Object(Closure), Object(Illuminate\Http\Request))
#10 C:\xampp\htdocs\GestorImagenes\vendor\laravel\framework\src\Illuminate\Routing\ControllerDispatcher.php(108): Illuminate\Pipeline\Pipeline->then(Object(Closure))
#11 C:\xampp\htdocs\GestorImagenes\vendor\laravel\framework\src\Illuminate\Routing\ControllerDispatcher.php(67): Illuminate\Routing\ControllerDispatcher->callWithinStack(Object(GestorImagenes\Http\Controllers\UsuarioController), Object(Illuminate\Routing\Route), Object(Illuminate\Http\Request), 'postEditarPerfi...')
#12 C:\xampp\htdocs\GestorImagenes\vendor\laravel\framework\src\Illuminate\Routing\Route.php(204): Illuminate\Routing\ControllerDispatcher->dispatch(Object(Illuminate\Routing\Route), Object(Illuminate\Http\Request), 'GestorImagenes\\...', 'postEditarPerfi...')
#13 C:\xampp\htdocs\GestorImagenes\vendor\laravel\framework\src\Illuminate\Routing\Route.php(134): Illuminate\Routing\Route->runWithCustomDispatcher(Object(Illuminate\Http\Request))
#14 C:\xampp\htdocs\GestorImagenes\vendor\laravel\framework\src\Illuminate\Routing\Router.php(701): Illuminate\Routing\Route->run(Object(Illuminate\Http\Request))
#15 [internal function]: Illuminate\Routing\Router->Illuminate\Routing\{closure}(Object(Illuminate\Http\Request))
#16 C:\xampp\htdocs\GestorImagenes\vendor\laravel\framework\src\Illuminate\Pipeline\Pipeline.php(141): call_user_func(Object(Closure), Object(Illuminate\Http\Request))
#17 [internal function]: Illuminate\Pipeline\Pipeline->Illuminate\Pipeline\{closure}(Object(Illuminate\Http\Request))
#18 C:\xampp\htdocs\GestorImagenes\vendor\laravel\framework\src\Illuminate\Pipeline\Pipeline.php(101): call_user_func(Object(Closure), Object(Illuminate\Http\Request))
#19 C:\xampp\htdocs\GestorImagenes\vendor\laravel\framework\src\Illuminate\Routing\Router.php(703): Illuminate\Pipeline\Pipeline->then(Object(Closure))
#20 C:\xampp\htdocs\GestorImagenes\vendor\laravel\framework\src\Illuminate\Routing\Router.php(670): Illuminate\Routing\Router->runRouteWithinStack(Object(Illuminate\Routing\Route), Object(Illuminate\Http\Request))
#21 C:\xampp\htdocs\GestorImagenes\vendor\laravel\framework\src\Illuminate\Routing\Router.php(628): Illuminate\Routing\Router->dispatchToRoute(Object(Illuminate\Http\Request))
#22 C:\xampp\htdocs\GestorImagenes\vendor\laravel\framework\src\Illuminate\Foundation\Http\Kernel.php(214): Illuminate\Routing\Router->dispatch(Object(Illuminate\Http\Request))
#23 [internal function]: Illuminate\Foundation\Http\Kernel->Illuminate\Foundation\Http\{closure}(Object(Illuminate\Http\Request))
#24 C:\xampp\htdocs\GestorImagenes\vendor\laravel\framework\src\Illuminate\Pipeline\Pipeline.php(141): call_user_func(Object(Closure), Object(Illuminate\Http\Request))
#25 C:\xampp\htdocs\GestorImagenes\vendor\laravel\framework\src\Illuminate\Foundation\Http\Middleware\VerifyCsrfToken.php(43): Illuminate\Pipeline\Pipeline->Illuminate\Pipeline\{closure}(Object(Illuminate\Http\Request))
#26 C:\xampp\htdocs\GestorImagenes\app\Http\Middleware\VerifyCsrfToken.php(17): Illuminate\Foundation\Http\Middleware\VerifyCsrfToken->handle(Object(Illuminate\Http\Request), Object(Closure))
#27 C:\xampp\htdocs\GestorImagenes\vendor\laravel\framework\src\Illuminate\Pipeline\Pipeline.php(125): GestorImagenes\Http\Middleware\VerifyCsrfToken->handle(Object(Illuminate\Http\Request), Object(Closure))
#28 C:\xampp\htdocs\GestorImagenes\vendor\laravel\framework\src\Illuminate\View\Middleware\ShareErrorsFromSession.php(55): Illuminate\Pipeline\Pipeline->Illuminate\Pipeline\{closure}(Object(Illuminate\Http\Request))
#29 C:\xampp\htdocs\GestorImagenes\vendor\laravel\framework\src\Illuminate\Pipeline\Pipeline.php(125): Illuminate\View\Middleware\ShareErrorsFromSession->handle(Object(Illuminate\Http\Request), Object(Closure))
#30 C:\xampp\htdocs\GestorImagenes\vendor\laravel\framework\src\Illuminate\Session\Middleware\StartSession.php(61): Illuminate\Pipeline\Pipeline->Illuminate\Pipeline\{closure}(Object(Illuminate\Http\Request))
#31 C:\xampp\htdocs\GestorImagenes\vendor\laravel\framework\src\Illuminate\Pipeline\Pipeline.php(125): Illuminate\Session\Middleware\StartSession->handle(Object(Illuminate\Http\Request), Object(Closure))
#32 C:\xampp\htdocs\GestorImagenes\vendor\laravel\framework\src\Illuminate\Cookie\Middleware\AddQueuedCookiesToResponse.php(36): Illuminate\Pipeline\Pipeline->Illuminate\Pipeline\{closure}(Object(Illuminate\Http\Request))
#33 C:\xampp\htdocs\GestorImagenes\vendor\laravel\framework\src\Illuminate\Pipeline\Pipeline.php(125): Illuminate\Cookie\Middleware\AddQueuedCookiesToResponse->handle(Object(Illuminate\Http\Request), Object(Closure))
#34 C:\xampp\htdocs\GestorImagenes\vendor\laravel\framework\src\Illuminate\Cookie\Middleware\EncryptCookies.php(40): Illuminate\Pipeline\Pipeline->Illuminate\Pipeline\{closure}(Object(Illuminate\Http\Request))
#35 C:\xampp\htdocs\GestorImagenes\vendor\laravel\framework\src\Illuminate\Pipeline\Pipeline.php(125): Illuminate\Cookie\Middleware\EncryptCookies->handle(Object(Illuminate\Http\Request), Object(Closure))
#36 C:\xampp\htdocs\GestorImagenes\vendor\laravel\framework\src\Illuminate\Foundation\Http\Middleware\CheckForMaintenanceMode.php(42): Illuminate\Pipeline\Pipeline->Illuminate\Pipeline\{closure}(Object(Illuminate\Http\Request))
#37 C:\xampp\htdocs\GestorImagenes\vendor\laravel\framework\src\Illuminate\Pipeline\Pipeline.php(125): Illuminate\Foundation\Http\Middleware\CheckForMaintenanceMode->handle(Object(Illuminate\Http\Request), Object(Closure))
#38 [internal function]: Illuminate\Pipeline\Pipeline->Illuminate\Pipeline\{closure}(Object(Illuminate\Http\Request))
#39 C:\xampp\htdocs\GestorImagenes\vendor\laravel\framework\src\Illuminate\Pipeline\Pipeline.php(101): call_user_func(Object(Closure), Object(Illuminate\Http\Request))
#40 C:\xampp\htdocs\GestorImagenes\vendor\laravel\framework\src\Illuminate\Foundation\Http\Kernel.php(115): Illuminate\Pipeline\Pipeline->then(Object(Closure))
#41 C:\xampp\htdocs\GestorImagenes\vendor\laravel\framework\src\Illuminate\Foundation\Http\Kernel.php(84): Illuminate\Foundation\Http\Kernel->sendRequestThroughRouter(Object(Illuminate\Http\Request))
#42 C:\xampp\htdocs\GestorImagenes\public\index.php(53): Illuminate\Foundation\Http\Kernel->handle(Object(Illuminate\Http\Request))
#43 {main}  
[2017-03-08 16:50:04] local.ERROR: exception 'Symfony\Component\Debug\Exception\FatalErrorException' with message 'syntax error, unexpected ''password'' (T_CONSTANT_ENCAPSED_STRING), expecting ']'' in C:\xampp\htdocs\GestorImagenes\app\Http\Requests\EditarPerfilRequest.php:26
Stack trace:
#0 {main}  
[2017-03-08 21:14:00] local.ERROR: exception 'ReflectionException' with message 'Class GestorImagenes\Http\Requests\MostrarFotosRequest does not exist' in C:\xampp\htdocs\GestorImagenes\vendor\laravel\framework\src\Illuminate\Routing\RouteDependencyResolverTrait.php:53
Stack trace:
#0 C:\xampp\htdocs\GestorImagenes\vendor\laravel\framework\src\Illuminate\Routing\RouteDependencyResolverTrait.php(53): ReflectionParameter->getClass()
#1 C:\xampp\htdocs\GestorImagenes\vendor\laravel\framework\src\Illuminate\Routing\RouteDependencyResolverTrait.php(36): Illuminate\Routing\ControllerDispatcher->resolveMethodDependencies(Array, Object(ReflectionMethod))
#2 C:\xampp\htdocs\GestorImagenes\vendor\laravel\framework\src\Illuminate\Routing\ControllerDispatcher.php(160): Illuminate\Routing\ControllerDispatcher->resolveClassMethodDependencies(Array, Object(GestorImagenes\Http\Controllers\FotoController), 'getIndex')
#3 C:\xampp\htdocs\GestorImagenes\vendor\laravel\framework\src\Illuminate\Routing\ControllerDispatcher.php(107): Illuminate\Routing\ControllerDispatcher->call(Object(GestorImagenes\Http\Controllers\FotoController), Object(Illuminate\Routing\Route), 'getIndex')
#4 [internal function]: Illuminate\Routing\ControllerDispatcher->Illuminate\Routing\{closure}(Object(Illuminate\Http\Request))
#5 C:\xampp\htdocs\GestorImagenes\vendor\laravel\framework\src\Illuminate\Pipeline\Pipeline.php(141): call_user_func(Object(Closure), Object(Illuminate\Http\Request))
#6 C:\xampp\htdocs\GestorImagenes\app\Http\Middleware\Authenticate.php(47): Illuminate\Pipeline\Pipeline->Illuminate\Pipeline\{closure}(Object(Illuminate\Http\Request))
#7 C:\xampp\htdocs\GestorImagenes\vendor\laravel\framework\src\Illuminate\Pipeline\Pipeline.php(125): GestorImagenes\Http\Middleware\Authenticate->handle(Object(Illuminate\Http\Request), Object(Closure))
#8 [internal function]: Illuminate\Pipeline\Pipeline->Illuminate\Pipeline\{closure}(Object(Illuminate\Http\Request))
#9 C:\xampp\htdocs\GestorImagenes\vendor\laravel\framework\src\Illuminate\Pipeline\Pipeline.php(101): call_user_func(Object(Closure), Object(Illuminate\Http\Request))
#10 C:\xampp\htdocs\GestorImagenes\vendor\laravel\framework\src\Illuminate\Routing\ControllerDispatcher.php(108): Illuminate\Pipeline\Pipeline->then(Object(Closure))
#11 C:\xampp\htdocs\GestorImagenes\vendor\laravel\framework\src\Illuminate\Routing\ControllerDispatcher.php(67): Illuminate\Routing\ControllerDispatcher->callWithinStack(Object(GestorImagenes\Http\Controllers\FotoController), Object(Illuminate\Routing\Route), Object(Illuminate\Http\Request), 'getIndex')
#12 C:\xampp\htdocs\GestorImagenes\vendor\laravel\framework\src\Illuminate\Routing\Route.php(204): Illuminate\Routing\ControllerDispatcher->dispatch(Object(Illuminate\Routing\Route), Object(Illuminate\Http\Request), 'GestorImagenes\\...', 'getIndex')
#13 C:\xampp\htdocs\GestorImagenes\vendor\laravel\framework\src\Illuminate\Routing\Route.php(134): Illuminate\Routing\Route->runWithCustomDispatcher(Object(Illuminate\Http\Request))
#14 C:\xampp\htdocs\GestorImagenes\vendor\laravel\framework\src\Illuminate\Routing\Router.php(701): Illuminate\Routing\Route->run(Object(Illuminate\Http\Request))
#15 [internal function]: Illuminate\Routing\Router->Illuminate\Routing\{closure}(Object(Illuminate\Http\Request))
#16 C:\xampp\htdocs\GestorImagenes\vendor\laravel\framework\src\Illuminate\Pipeline\Pipeline.php(141): call_user_func(Object(Closure), Object(Illuminate\Http\Request))
#17 [internal function]: Illuminate\Pipeline\Pipeline->Illuminate\Pipeline\{closure}(Object(Illuminate\Http\Request))
#18 C:\xampp\htdocs\GestorImagenes\vendor\laravel\framework\src\Illuminate\Pipeline\Pipeline.php(101): call_user_func(Object(Closure), Object(Illuminate\Http\Request))
#19 C:\xampp\htdocs\GestorImagenes\vendor\laravel\framework\src\Illuminate\Routing\Router.php(703): Illuminate\Pipeline\Pipeline->then(Object(Closure))
#20 C:\xampp\htdocs\GestorImagenes\vendor\laravel\framework\src\Illuminate\Routing\Router.php(670): Illuminate\Routing\Router->runRouteWithinStack(Object(Illuminate\Routing\Route), Object(Illuminate\Http\Request))
#21 C:\xampp\htdocs\GestorImagenes\vendor\laravel\framework\src\Illuminate\Routing\Router.php(628): Illuminate\Routing\Router->dispatchToRoute(Object(Illuminate\Http\Request))
#22 C:\xampp\htdocs\GestorImagenes\vendor\laravel\framework\src\Illuminate\Foundation\Http\Kernel.php(214): Illuminate\Routing\Router->dispatch(Object(Illuminate\Http\Request))
#23 [internal function]: Illuminate\Foundation\Http\Kernel->Illuminate\Foundation\Http\{closure}(Object(Illuminate\Http\Request))
#24 C:\xampp\htdocs\GestorImagenes\vendor\laravel\framework\src\Illuminate\Pipeline\Pipeline.php(141): call_user_func(Object(Closure), Object(Illuminate\Http\Request))
#25 C:\xampp\htdocs\GestorImagenes\vendor\laravel\framework\src\Illuminate\Foundation\Http\Middleware\VerifyCsrfToken.php(43): Illuminate\Pipeline\Pipeline->Illuminate\Pipeline\{closure}(Object(Illuminate\Http\Request))
#26 C:\xampp\htdocs\GestorImagenes\app\Http\Middleware\VerifyCsrfToken.php(17): Illuminate\Foundation\Http\Middleware\VerifyCsrfToken->handle(Object(Illuminate\Http\Request), Object(Closure))
#27 C:\xampp\htdocs\GestorImagenes\vendor\laravel\framework\src\Illuminate\Pipeline\Pipeline.php(125): GestorImagenes\Http\Middleware\VerifyCsrfToken->handle(Object(Illuminate\Http\Request), Object(Closure))
#28 C:\xampp\htdocs\GestorImagenes\vendor\laravel\framework\src\Illuminate\View\Middleware\ShareErrorsFromSession.php(55): Illuminate\Pipeline\Pipeline->Illuminate\Pipeline\{closure}(Object(Illuminate\Http\Request))
#29 C:\xampp\htdocs\GestorImagenes\vendor\laravel\framework\src\Illuminate\Pipeline\Pipeline.php(125): Illuminate\View\Middleware\ShareErrorsFromSession->handle(Object(Illuminate\Http\Request), Object(Closure))
#30 C:\xampp\htdocs\GestorImagenes\vendor\laravel\framework\src\Illuminate\Session\Middleware\StartSession.php(61): Illuminate\Pipeline\Pipeline->Illuminate\Pipeline\{closure}(Object(Illuminate\Http\Request))
#31 C:\xampp\htdocs\GestorImagenes\vendor\laravel\framework\src\Illuminate\Pipeline\Pipeline.php(125): Illuminate\Session\Middleware\StartSession->handle(Object(Illuminate\Http\Request), Object(Closure))
#32 C:\xampp\htdocs\GestorImagenes\vendor\laravel\framework\src\Illuminate\Cookie\Middleware\AddQueuedCookiesToResponse.php(36): Illuminate\Pipeline\Pipeline->Illuminate\Pipeline\{closure}(Object(Illuminate\Http\Request))
#33 C:\xampp\htdocs\GestorImagenes\vendor\laravel\framework\src\Illuminate\Pipeline\Pipeline.php(125): Illuminate\Cookie\Middleware\AddQueuedCookiesToResponse->handle(Object(Illuminate\Http\Request), Object(Closure))
#34 C:\xampp\htdocs\GestorImagenes\vendor\laravel\framework\src\Illuminate\Cookie\Middleware\EncryptCookies.php(40): Illuminate\Pipeline\Pipeline->Illuminate\Pipeline\{closure}(Object(Illuminate\Http\Request))
#35 C:\xampp\htdocs\GestorImagenes\vendor\laravel\framework\src\Illuminate\Pipeline\Pipeline.php(125): Illuminate\Cookie\Middleware\EncryptCookies->handle(Object(Illuminate\Http\Request), Object(Closure))
#36 C:\xampp\htdocs\GestorImagenes\vendor\laravel\framework\src\Illuminate\Foundation\Http\Middleware\CheckForMaintenanceMode.php(42): Illuminate\Pipeline\Pipeline->Illuminate\Pipeline\{closure}(Object(Illuminate\Http\Request))
#37 C:\xampp\htdocs\GestorImagenes\vendor\laravel\framework\src\Illuminate\Pipeline\Pipeline.php(125): Illuminate\Foundation\Http\Middleware\CheckForMaintenanceMode->handle(Object(Illuminate\Http\Request), Object(Closure))
#38 [internal function]: Illuminate\Pipeline\Pipeline->Illuminate\Pipeline\{closure}(Object(Illuminate\Http\Request))
#39 C:\xampp\htdocs\GestorImagenes\vendor\laravel\framework\src\Illuminate\Pipeline\Pipeline.php(101): call_user_func(Object(Closure), Object(Illuminate\Http\Request))
#40 C:\xampp\htdocs\GestorImagenes\vendor\laravel\framework\src\Illuminate\Foundation\Http\Kernel.php(115): Illuminate\Pipeline\Pipeline->then(Object(Closure))
#41 C:\xampp\htdocs\GestorImagenes\vendor\laravel\framework\src\Illuminate\Foundation\Http\Kernel.php(84): Illuminate\Foundation\Http\Kernel->sendRequestThroughRouter(Object(Illuminate\Http\Request))
#42 C:\xampp\htdocs\GestorImagenes\public\index.php(53): Illuminate\Foundation\Http\Kernel->handle(Object(Illuminate\Http\Request))
#43 {main}  
